<?xml version="1.0" encoding="UTF-8"?>
<testng-results skipped="0" failed="0" ignored="0" total="1" passed="1">
  <reporter-output>
  </reporter-output>
  <suite name="Suite" duration-ms="10042" started-at="2023-05-15T20:16:36 IST" finished-at="2023-05-15T20:16:46 IST">
    <groups>
      <group name="Master">
        <method signature="TC_001_AccountRegistrationTest.test_account_Registration()[pri:0, instance:testCases.TC_001_AccountRegistrationTest@87f383f]" name="test_account_Registration" class="testCases.TC_001_AccountRegistrationTest"/>
      </group> <!-- Master -->
      <group name="Regression">
        <method signature="TC_001_AccountRegistrationTest.test_account_Registration()[pri:0, instance:testCases.TC_001_AccountRegistrationTest@87f383f]" name="test_account_Registration" class="testCases.TC_001_AccountRegistrationTest"/>
      </group> <!-- Regression -->
    </groups>
    <test name="Test" duration-ms="10042" started-at="2023-05-15T20:16:36 IST" finished-at="2023-05-15T20:16:46 IST">
      <class name="testCases.TC_001_AccountRegistrationTest">
        <test-method status="PASS" signature="setup(java.lang.String)[pri:0, instance:testCases.TC_001_AccountRegistrationTest@87f383f]" name="setup" is-config="true" duration-ms="6631" started-at="2023-05-15T20:16:36 IST" finished-at="2023-05-15T20:16:43 IST">
          <params>
            <param index="0">
              <value>
                <![CDATA[chrome]]>
              </value>
            </param>
          </params>
          <reporter-output>
          </reporter-output>
        </test-method> <!-- setup -->
        <test-method status="PASS" signature="test_account_Registration()[pri:0, instance:testCases.TC_001_AccountRegistrationTest@87f383f]" name="test_account_Registration" duration-ms="1850" started-at="2023-05-15T20:16:43 IST" finished-at="2023-05-15T20:16:45 IST">
          <reporter-output>
          </reporter-output>
        </test-method> <!-- test_account_Registration -->
        <test-method status="PASS" signature="tearDown()[pri:0, instance:testCases.TC_001_AccountRegistrationTest@87f383f]" name="tearDown" is-config="true" duration-ms="1202" started-at="2023-05-15T20:16:45 IST" finished-at="2023-05-15T20:16:46 IST">
          <reporter-output>
          </reporter-output>
        </test-method> <!-- tearDown -->
      </class> <!-- testCases.TC_001_AccountRegistrationTest -->
    </test> <!-- Test -->
  </suite> <!-- Suite -->
</testng-results>
