<?xml version="1.0" encoding="UTF-8"?>
<!-- Generated by org.testng.reporters.JUnitXMLReporter -->
<testsuite ignored="0" hostname="DESKTOP-G10J9CG" failures="0" tests="1" name="Command line test" time="0.077" errors="0" timestamp="2023-05-14T12:56:34 IST">
  <testcase classname="testBase.BaseClass" name="@BeforeClass setup" time="0.017">
    <failure type="java.lang.Error" message="Unresolved compilation problems: 
	ChromeOptions cannot be resolved to a type
	ChromeOptions cannot be resolved to a type
">
      <![CDATA[java.lang.Error: Unresolved compilation problems: 
ChromeOptions cannot be resolved to a type
ChromeOptions cannot be resolved to a type

at testBase.BaseClass.setup(BaseClass.java:25)
at java.base/java.util.ArrayList.forEach(ArrayList.java:1511)
... Removed 34 stack frames]]>
    </failure>
  </testcase> <!-- @BeforeClass setup -->
  <testcase classname="testBase.BaseClass" name="@AfterClass tearDown" time="0.0">
    <skipped/>
  </testcase> <!-- @AfterClass tearDown -->
  <testcase classname="testCases.TC_001_AccountRegistrationTest" name="test_account_Registration" time="0.0">
    <skipped/>
  </testcase> <!-- test_account_Registration -->
</testsuite> <!-- Command line test -->
